==== RUN-DOCKER
+++ dirname -- ./worker/run.sh
++ cd -- ./worker
++ pwd
+ twcrdir=/twcr/worker/..
+ repo=github.com/supabase/supabase
+ reporef=master
+ repopath=./apps/studio
+ '[' true == true ']'
+ grep -q '^././'
++ echo github.com/supabase/supabase
++ sha256sum
++ awk '{ print $1 }'
++ cut -c1-12
+ procdir=/tmp/twcr-c1e1a1cb46f6
++ echo 'github.com/supabase/supabase;master;./apps/studio'
++ sha256sum
++ awk '{ print $1 }'
++ cut -c1-12
+ datadir=/twcr/worker/../mnt/dataset/data/96f054c2ad17
+ '[' '!' -z /twcr/mnt/results ']'
+ datadir=/twcr/mnt/results
+ touch /twcr/mnt/results/extract-failed
++ base64
++ tr -d =
++ tr /+ _-
++ base64
++ tr -d =
++ tr /+ _-
+ writetaskstat analysis_key github.com/supabase/supabase/bWFzdGVyCg/Li9hcHBzL3N0dWRpbwo
+ jq -nc --arg key analysis_key --arg value github.com/supabase/supabase/bWFzdGVyCg/Li9hcHBzL3N0dWRpbwo '{ key: $key, value: $value }'
++ date -u +%Y%m%d%H%M%S
++ sha256sum
++ awk '{ print $1 }'
++ cut -c1-16
++ head -c 32 /dev/urandom
+ writetaskstat analysis_nonce ca825750950588fd
+ jq -nc --arg key analysis_nonce --arg value ca825750950588fd '{ key: $key, value: $value }'
+ writetaskstat input_repo_name github.com/supabase/supabase
+ jq -nc --arg key input_repo_name --arg value github.com/supabase/supabase '{ key: $key, value: $value }'
+ writetaskstat input_repo_ref master
+ jq -nc --arg key input_repo_ref --arg value master '{ key: $key, value: $value }'
+ writetaskstat input_repo_path ./apps/studio
+ jq -nc --arg key input_repo_path --arg value ./apps/studio '{ key: $key, value: $value }'
++ date -u +%Y-%m-%dT%H:%M:%SZ
+ writetaskstat timestamp_begin 2024-03-03T23:55:42Z
+ jq -nc --arg key timestamp_begin --arg value 2024-03-03T23:55:42Z '{ key: $key, value: $value }'
+ mkdir -p /tmp/twcr-c1e1a1cb46f6
+ pushd /tmp/twcr-c1e1a1cb46f6
+ '[' -d .git ']'
+ git clone --depth=1 -b master https://github.com/supabase/supabase.git .
/tmp/twcr-c1e1a1cb46f6 /twcr
Cloning into '.'...
Updating files:  14% (1302/9060)Updating files:  15% (1359/9060)Updating files:  16% (1450/9060)Updating files:  17% (1541/9060)Updating files:  18% (1631/9060)Updating files:  19% (1722/9060)Updating files:  20% (1812/9060)Updating files:  21% (1903/9060)Updating files:  22% (1994/9060)Updating files:  23% (2084/9060)Updating files:  24% (2175/9060)Updating files:  25% (2265/9060)Updating files:  26% (2356/9060)Updating files:  27% (2447/9060)Updating files:  28% (2537/9060)Updating files:  29% (2628/9060)Updating files:  30% (2718/9060)Updating files:  31% (2809/9060)Updating files:  32% (2900/9060)Updating files:  33% (2990/9060)Updating files:  34% (3081/9060)Updating files:  35% (3171/9060)Updating files:  36% (3262/9060)Updating files:  37% (3353/9060)Updating files:  38% (3443/9060)Updating files:  39% (3534/9060)Updating files:  40% (3624/9060)Updating files:  41% (3715/9060)Updating files:  42% (3806/9060)Updating files:  43% (3896/9060)Updating files:  44% (3987/9060)Updating files:  45% (4077/9060)Updating files:  46% (4168/9060)Updating files:  47% (4259/9060)Updating files:  48% (4349/9060)Updating files:  49% (4440/9060)Updating files:  50% (4530/9060)Updating files:  50% (4575/9060)Updating files:  51% (4621/9060)Updating files:  52% (4712/9060)Updating files:  53% (4802/9060)Updating files:  54% (4893/9060)Updating files:  55% (4983/9060)Updating files:  56% (5074/9060)Updating files:  56% (5141/9060)Updating files:  57% (5165/9060)Updating files:  58% (5255/9060)Updating files:  59% (5346/9060)Updating files:  59% (5434/9060)Updating files:  60% (5436/9060)Updating files:  61% (5527/9060)Updating files:  62% (5618/9060)Updating files:  63% (5708/9060)Updating files:  64% (5799/9060)Updating files:  65% (5889/9060)Updating files:  66% (5980/9060)Updating files:  66% (6026/9060)Updating files:  67% (6071/9060)Updating files:  68% (6161/9060)Updating files:  69% (6252/9060)Updating files:  70% (6342/9060)Updating files:  70% (6343/9060)Updating files:  71% (6433/9060)Updating files:  72% (6524/9060)Updating files:  73% (6614/9060)Updating files:  74% (6705/9060)Updating files:  75% (6795/9060)Updating files:  76% (6886/9060)Updating files:  77% (6977/9060)Updating files:  78% (7067/9060)Updating files:  79% (7158/9060)Updating files:  80% (7248/9060)Updating files:  81% (7339/9060)Updating files:  82% (7430/9060)Updating files:  83% (7520/9060)Updating files:  84% (7611/9060)Updating files:  85% (7701/9060)Updating files:  86% (7792/9060)Updating files:  87% (7883/9060)Updating files:  88% (7973/9060)Updating files:  89% (8064/9060)Updating files:  90% (8154/9060)Updating files:  91% (8245/9060)Updating files:  92% (8336/9060)Updating files:  93% (8426/9060)Updating files:  94% (8517/9060)Updating files:  94% (8522/9060)Updating files:  95% (8607/9060)Updating files:  96% (8698/9060)Updating files:  97% (8789/9060)Updating files:  98% (8879/9060)Updating files:  99% (8970/9060)Updating files: 100% (9060/9060)Updating files: 100% (9060/9060), done.
++ date -u +%Y-%m-%dT%H:%M:%SZ
+ writetaskstat timestamp_git_clone_complete 2024-03-03T23:56:24Z
+ jq -nc --arg key timestamp_git_clone_complete --arg value 2024-03-03T23:56:24Z '{ key: $key, value: $value }'
++ git rev-parse HEAD
+ writetaskstat exec_repo_commit_sha 528285b54d085a0d63188ce46b4c109329fac44e
+ jq -nc --arg key exec_repo_commit_sha --arg value 528285b54d085a0d63188ce46b4c109329fac44e '{ key: $key, value: $value }'
+++ git show --no-patch --format=%ci
++ date -u --date '2024-03-03 18:38:19 +1100' +%Y-%m-%dT%H:%M:%SZ
+ writetaskstat exec_repo_commit_date 2024-03-03T07:38:19Z
+ jq -nc --arg key exec_repo_commit_date --arg value 2024-03-03T07:38:19Z '{ key: $key, value: $value }'
+ '[' -z ./apps/studio ']'
+ pushd ./apps/studio
+ tailwind_config_file_name=
+ '[' -f tailwind.config.js ']'
+ tailwind_config_file_name=tailwind.config.js
+ writetaskstat exec_tailwind_config_file tailwind.config.js
/tmp/twcr-c1e1a1cb46f6/apps/studio /tmp/twcr-c1e1a1cb46f6 /twcr
+ jq -nc --arg key exec_tailwind_config_file --arg value tailwind.config.js '{ key: $key, value: $value }'
+ cp tailwind.config.js /twcr/mnt/results/extract-raw-tailwind-config.js
+ '[' '!' -f package.json ']'
+ cp package.json /twcr/mnt/results/extract-raw-package.json
++ /twcr/worker/../worker/pm-detect.sh /tmp/twcr-c1e1a1cb46f6/apps/studio
+ package_manager_name=
+ '[' -z '' ']'
+ '[' ./apps/studio '!=' ./ ']'
++ /twcr/worker/../worker/pm-detect.sh /tmp/twcr-c1e1a1cb46f6
+ package_manager_name=
+ '[' -z '' ']'
+ package_manager_name=npm
+ writetaskstat exec_node_package_manager npm
+ jq -nc --arg key exec_node_package_manager --arg value npm '{ key: $key, value: $value }'
+ attempt_mode=squash
+ true
++ date -u +%Y-%m-%dT%H:%M:%SZ
+ writetaskstat timestamp_attempt_squash_begin 2024-03-03T23:56:24Z
+ jq -nc --arg key timestamp_attempt_squash_begin --arg value 2024-03-03T23:56:24Z '{ key: $key, value: $value }'
+ [[ squash == \s\q\u\a\s\h ]]
+ set +e
+ node /twcr/worker/../worker/squash-package.mjs tailwind.config.js
+ exitcode=0
+ set -e
+ [[ 0 != \0 ]]
+ cat package.json
+ sed 's/^/>>> /'
>>> {
>>>   "name": "studio",
>>>   "version": "0.0.9",
>>>   "private": true,
>>>   "dependencies": {
>>>     "config": "*"
>>>   },
>>>   "devDependencies": {
>>>     "config": "*",
>>>     "tailwindcss": "^3.4.1"
>>>   }
>>> }+ rm -f package-lock.json pnpm-lock.yaml yarn.lock
+ '[' ./apps/studio '!=' ./ ']'
+ rm -f /tmp/twcr-c1e1a1cb46f6/package.json /tmp/twcr-c1e1a1cb46f6/package-lock.json /tmp/twcr-c1e1a1cb46f6/pnpm-lock.yaml /tmp/twcr-c1e1a1cb46f6/yarn.lock
+ set +e
+ /twcr/worker/../worker/pm-install.sh npm /tmp/twcr-c1e1a1cb46f6 /twcr/mnt/results
+ package_manager_name=npm
+ procdir=/tmp/twcr-c1e1a1cb46f6
+ datadir=/twcr/mnt/results
+ case "${package_manager_name}" in
++ '[' -f package-lock.json ']'
++ echo install
+ npm install --ignore-engines

added 114 packages, and audited 115 packages in 6s

28 packages are looking for funding
  run `npm fund` for details

found 0 vulnerabilities
npm notice 
npm notice New minor version of npm available! 10.2.4 -> 10.5.0
npm notice Changelog: <https://github.com/npm/cli/releases/tag/v10.5.0>
npm notice Run `npm install -g npm@10.5.0` to update!
npm notice 
+ npm query '*'
+ jq -cr '
        map({ name: .name, version: .version })
        | map(select(.name))
        | sort_by(.name)[]
      '
+ exitcode=0
+ set -e
+ [[ 0 != \0 ]]
++ jq -sr 'map(select(.name == "tailwindcss")) | first | .version'
+ tailwind_package_version=3.4.1
+ tailwind_config_exporter=tailwind.config.exporter2.cjs
+ '[' -f node_modules/tailwindcss/lib/lib/load-config.js ']'
+ tailwind_config_exporter=tailwind.config.exporter3.mjs
+ cp /twcr/worker/../worker/tailwind.config.exporter3.mjs ./
+ set +e
+ node ./tailwind.config.exporter3.mjs tailwind.config.js
node:internal/modules/cjs/loader:1149
  const err = new Error(message);
              ^

Error: Cannot find module 'config/tailwind.config'
Require stack:
- /tmp/twcr-c1e1a1cb46f6/apps/studio/tailwind.config.js
    at Module._resolveFilename (node:internal/modules/cjs/loader:1149:15)
    at Function.resolve (node:internal/modules/helpers:187:19)
    at _resolve (/tmp/twcr-c1e1a1cb46f6/apps/studio/node_modules/jiti/dist/jiti.js:1:251148)
    at jiti (/tmp/twcr-c1e1a1cb46f6/apps/studio/node_modules/jiti/dist/jiti.js:1:253746)
    at /tmp/twcr-c1e1a1cb46f6/apps/studio/tailwind.config.js:1:91
    at evalModule (/tmp/twcr-c1e1a1cb46f6/apps/studio/node_modules/jiti/dist/jiti.js:1:256443)
    at jiti (/tmp/twcr-c1e1a1cb46f6/apps/studio/node_modules/jiti/dist/jiti.js:1:254371)
    at /tmp/twcr-c1e1a1cb46f6/apps/studio/node_modules/tailwindcss/lib/lib/load-config.js:48:30
    at Object.loadConfig (/tmp/twcr-c1e1a1cb46f6/apps/studio/node_modules/tailwindcss/lib/lib/load-config.js:50:6)
    at file:///tmp/twcr-c1e1a1cb46f6/apps/studio/tailwind.config.exporter3.mjs:5:28 {
  code: 'MODULE_NOT_FOUND',
  requireStack: [ '/tmp/twcr-c1e1a1cb46f6/apps/studio/tailwind.config.js' ]
}

Node.js v21.6.2
+ exitcode=1
+ set -e
+ [[ 1 != \0 ]]
+ [[ squash == \s\q\u\a\s\h ]]
+ echo '[worker] WARN: exporter failed; retrying with full install'
[worker] WARN: exporter failed; retrying with full install
+ attempt_mode=full
+ continue
+ true
++ date -u +%Y-%m-%dT%H:%M:%SZ
+ writetaskstat timestamp_attempt_full_begin 2024-03-03T23:56:31Z
+ jq -nc --arg key timestamp_attempt_full_begin --arg value 2024-03-03T23:56:31Z '{ key: $key, value: $value }'
+ [[ full == \s\q\u\a\s\h ]]
+ git clean -fdx
Removing node_modules/
Removing package-lock.json
Removing tailwind.config.exporter3.mjs
+ git reset --hard
HEAD is now at 528285b fix: remove wrong non-null assertion operator (#21717)
+ set +e
+ /twcr/worker/../worker/pm-install.sh npm /tmp/twcr-c1e1a1cb46f6 /twcr/mnt/results
+ package_manager_name=npm
+ procdir=/tmp/twcr-c1e1a1cb46f6
+ datadir=/twcr/mnt/results
+ case "${package_manager_name}" in
++ '[' -f package-lock.json ']'
++ echo install
+ npm install --ignore-engines
(node:154) MaxListenersExceededWarning: Possible EventEmitter memory leak detected. 11 socket listeners added to [ClientRequest]. Use emitter.setMaxListeners() to increase limit
(Use `node --trace-warnings ...` to show where the warning was created)
(node:154) MaxListenersExceededWarning: Possible EventEmitter memory leak detected. 11 socket listeners added to [ClientRequest]. Use emitter.setMaxListeners() to increase limit
(node:154) MaxListenersExceededWarning: Possible EventEmitter memory leak detected. 11 socket listeners added to [ClientRequest]. Use emitter.setMaxListeners() to increase limit
(node:154) MaxListenersExceededWarning: Possible EventEmitter memory leak detected. 11 socket listeners added to [ClientRequest]. Use emitter.setMaxListeners() to increase limit
(node:154) MaxListenersExceededWarning: Possible EventEmitter memory leak detected. 11 socket listeners added to [ClientRequest]. Use emitter.setMaxListeners() to increase limit
npm ERR! code 1
npm ERR! path /tmp/twcr-c1e1a1cb46f6/node_modules/@gregnr/libpg-query
npm ERR! command failed
npm ERR! command sh -c node-pre-gyp install --fallback-to-build
npm ERR! Failed to execute '/usr/local/bin/node /usr/local/lib/node_modules/npm/node_modules/node-gyp/bin/node-gyp.js configure --fallback-to-build --module=/tmp/twcr-c1e1a1cb46f6/node_modules/@gregnr/libpg-query/build/Release/queryparser.node --module_name=queryparser --module_path=/tmp/twcr-c1e1a1cb46f6/node_modules/@gregnr/libpg-query/build/Release --napi_version=9 --node_abi_napi=napi --napi_build_version=0 --node_napi_label=node-v120' (1)
npm ERR! node-pre-gyp info it worked if it ends with ok
npm ERR! node-pre-gyp info using node-pre-gyp@1.0.11
npm ERR! node-pre-gyp info using node@21.6.2 | linux | x64
npm ERR! (node:167) [DEP0040] DeprecationWarning: The `punycode` module is deprecated. Please use a userland alternative instead.
npm ERR! (Use `node --trace-deprecation ...` to show where the warning was created)
npm ERR! node-pre-gyp info check checked for "/tmp/twcr-c1e1a1cb46f6/node_modules/@gregnr/libpg-query/build/Release/queryparser.node" (not found)
npm ERR! node-pre-gyp http GET https://supabase-public-artifacts-bucket.s3.amazonaws.com/libpg-query-node/queryparser-v13.4.0-dev.12-node-v120-linux-x64.tar.gz
npm ERR! node-pre-gyp http download proxy agent configured using: "http://tid_f7dc4eca90bb:ok@172.18.0.2:3128"
npm ERR! node-pre-gyp ERR! install response status 404 Not Found on https://supabase-public-artifacts-bucket.s3.amazonaws.com/libpg-query-node/queryparser-v13.4.0-dev.12-node-v120-linux-x64.tar.gz 
npm ERR! node-pre-gyp WARN Pre-built binaries not installable for @gregnr/libpg-query@13.4.0-dev.12 and node@21.6.2 (node-v120 ABI, glibc) (falling back to source compile with node-gyp) 
npm ERR! node-pre-gyp WARN Hit error response status 404 Not Found on https://supabase-public-artifacts-bucket.s3.amazonaws.com/libpg-query-node/queryparser-v13.4.0-dev.12-node-v120-linux-x64.tar.gz 
npm ERR! gyp info it worked if it ends with ok
npm ERR! gyp info using node-gyp@10.0.1
npm ERR! gyp info using node@21.6.2 | linux | x64
npm ERR! gyp info ok 
npm ERR! gyp info it worked if it ends with ok
npm ERR! gyp info using node-gyp@10.0.1
npm ERR! gyp info using node@21.6.2 | linux | x64
npm ERR! gyp info find Python using Python version 3.11.2 found at "/usr/bin/python3"
npm ERR! gyp http GET https://nodejs.org/download/release/v21.6.2/node-v21.6.2-headers.tar.gz
npm ERR! gyp http 403 https://nodejs.org/download/release/v21.6.2/node-v21.6.2-headers.tar.gz
npm ERR! gyp WARN install got an error, rolling back install
npm ERR! gyp ERR! configure error 
npm ERR! gyp ERR! stack Error: 403 response downloading https://nodejs.org/download/release/v21.6.2/node-v21.6.2-headers.tar.gz
npm ERR! gyp ERR! stack at go (/usr/local/lib/node_modules/npm/node_modules/node-gyp/lib/install.js:223:21)
npm ERR! gyp ERR! stack at process.processTicksAndRejections (node:internal/process/task_queues:95:5)
npm ERR! gyp ERR! stack at async install (/usr/local/lib/node_modules/npm/node_modules/node-gyp/lib/install.js:63:18)
npm ERR! gyp ERR! stack at async getNodeDir (/usr/local/lib/node_modules/npm/node_modules/node-gyp/lib/configure.js:53:7)
npm ERR! gyp ERR! stack at async run (/usr/local/lib/node_modules/npm/node_modules/node-gyp/bin/node-gyp.js:81:18)
npm ERR! gyp ERR! System Linux 6.4.16-linuxkit
npm ERR! gyp ERR! command "/usr/local/bin/node" "/usr/local/lib/node_modules/npm/node_modules/node-gyp/bin/node-gyp.js" "configure" "--fallback-to-build" "--module=/tmp/twcr-c1e1a1cb46f6/node_modules/@gregnr/libpg-query/build/Release/queryparser.node" "--module_name=queryparser" "--module_path=/tmp/twcr-c1e1a1cb46f6/node_modules/@gregnr/libpg-query/build/Release" "--napi_version=9" "--node_abi_napi=napi" "--napi_build_version=0" "--node_napi_label=node-v120"
npm ERR! gyp ERR! cwd /tmp/twcr-c1e1a1cb46f6/node_modules/@gregnr/libpg-query
npm ERR! gyp ERR! node -v v21.6.2
npm ERR! gyp ERR! node-gyp -v v10.0.1
npm ERR! gyp ERR! not ok 
npm ERR! node-pre-gyp ERR! build error 
npm ERR! node-pre-gyp ERR! stack Error: Failed to execute '/usr/local/bin/node /usr/local/lib/node_modules/npm/node_modules/node-gyp/bin/node-gyp.js configure --fallback-to-build --module=/tmp/twcr-c1e1a1cb46f6/node_modules/@gregnr/libpg-query/build/Release/queryparser.node --module_name=queryparser --module_path=/tmp/twcr-c1e1a1cb46f6/node_modules/@gregnr/libpg-query/build/Release --napi_version=9 --node_abi_napi=napi --napi_build_version=0 --node_napi_label=node-v120' (1)
npm ERR! node-pre-gyp ERR! stack     at ChildProcess.<anonymous> (/tmp/twcr-c1e1a1cb46f6/node_modules/@mapbox/node-pre-gyp/lib/util/compile.js:89:23)
npm ERR! node-pre-gyp ERR! stack     at ChildProcess.emit (node:events:519:28)
npm ERR! node-pre-gyp ERR! stack     at maybeClose (node:internal/child_process:1105:16)
npm ERR! node-pre-gyp ERR! stack     at ChildProcess._handle.onexit (node:internal/child_process:305:5)
npm ERR! node-pre-gyp ERR! System Linux 6.4.16-linuxkit
npm ERR! node-pre-gyp ERR! command "/usr/local/bin/node" "/tmp/twcr-c1e1a1cb46f6/node_modules/.bin/node-pre-gyp" "install" "--fallback-to-build"
npm ERR! node-pre-gyp ERR! cwd /tmp/twcr-c1e1a1cb46f6/node_modules/@gregnr/libpg-query
npm ERR! node-pre-gyp ERR! node -v v21.6.2
npm ERR! node-pre-gyp ERR! node-pre-gyp -v v1.0.11
npm ERR! node-pre-gyp ERR! not ok

npm ERR! A complete log of this run can be found in: /home/node/.npm/_logs/2024-03-03T23_56_32_335Z-debug-0.log
+ exitcode=1
+ set -e
+ [[ 1 != \0 ]]
+ [[ full == \s\q\u\a\s\h ]]
+ exit 1
